# JRE version: OpenJDK Runtime Environment (8.0_112-b06) (build 1.8.0_112-release-b06)
# Java VM: OpenJDK 64-Bit Server VM (25.112-b06 mixed mode windows-amd64 compressed oops)
Heap:
 PSYoungGen      total 337408K, used 41451K [0x00000000e0000000, 0x00000000fd600000, 0x0000000100000000)
  eden space 295936K, 0% used [0x00000000e0000000,0x00000000e0000000,0x00000000f2100000)
  from space 41472K, 99% used [0x00000000f2100000,0x00000000f497ae48,0x00000000f4980000)
  to   space 65024K, 0% used [0x00000000f9680000,0x00000000f9680000,0x00000000fd600000)
 ParOldGen       total 230400K, used 203996K [0x00000000a0000000, 0x00000000ae100000, 0x00000000e0000000)
  object space 230400K, 88% used [0x00000000a0000000,0x00000000ac737050,0x00000000ae100000)
 Metaspace       used 91008K, capacity 95702K, committed 95872K, reserved 1132544K
  class space    used 11716K, capacity 12667K, committed 12672K, reserved 1048576K
GC Heap History (10 events):
Event: 456.913 GC heap after
Heap after GC invocations=27 (full 4):
 PSYoungGen      total 260096K, used 16512K [0x00000000e0000000, 0x00000000f5600000, 0x0000000100000000)
  eden space 210432K, 0% used [0x00000000e0000000,0x00000000e0000000,0x00000000ecd80000)
  from space 49664K, 33% used [0x00000000ecd80000,0x00000000edda0310,0x00000000efe00000)
  to   space 47104K, 0% used [0x00000000f2800000,0x00000000f2800000,0x00000000f5600000)
 ParOldGen       total 230400K, used 129448K [0x00000000a0000000, 0x00000000ae100000, 0x00000000e0000000)
  object space 230400K, 56% used [0x00000000a0000000,0x00000000a7e6a0e0,0x00000000ae100000)
 Metaspace       used 80674K, capacity 83992K, committed 84224K, reserved 1122304K
  class space    used 10492K, capacity 11228K, committed 11264K, reserved 1048576K
}
Event: 459.816 GC heap before
{Heap before GC invocations=28 (full 4):
 PSYoungGen      total 260096K, used 226944K [0x00000000e0000000, 0x00000000f5600000, 0x0000000100000000)
  eden space 210432K, 100% used [0x00000000e0000000,0x00000000ecd80000,0x00000000ecd80000)
  from space 49664K, 33% used [0x00000000ecd80000,0x00000000edda0310,0x00000000efe00000)
  to   space 47104K, 0% used [0x00000000f2800000,0x00000000f2800000,0x00000000f5600000)
 ParOldGen       total 230400K, used 129448K [0x00000000a0000000, 0x00000000ae100000, 0x00000000e0000000)
  object space 230400K, 56% used [0x00000000a0000000,0x00000000a7e6a0e0,0x00000000ae100000)
 Metaspace       used 84457K, capacity 88656K, committed 88704K, reserved 1126400K
  class space    used 11046K, capacity 11904K, committed 11904K, reserved 1048576K
Event: 459.906 GC heap after
Heap after GC invocations=28 (full 4):
 PSYoungGen      total 305152K, used 18886K [0x00000000e0000000, 0x00000000f5580000, 0x0000000100000000)
  eden space 258560K, 0% used [0x00000000e0000000,0x00000000e0000000,0x00000000efc80000)
  from space 46592K, 40% used [0x00000000f2800000,0x00000000f3a71850,0x00000000f5580000)
  to   space 44544K, 0% used [0x00000000efc80000,0x00000000efc80000,0x00000000f2800000)
 ParOldGen       total 230400K, used 134917K [0x00000000a0000000, 0x00000000ae100000, 0x00000000e0000000)
  object space 230400K, 58% used [0x00000000a0000000,0x00000000a83c14a0,0x00000000ae100000)
 Metaspace       used 84457K, capacity 88656K, committed 88704K, reserved 1126400K
  class space    used 11046K, capacity 11904K, committed 11904K, reserved 1048576K
}
Event: 468.145 GC heap before
{Heap before GC invocations=29 (full 4):
 PSYoungGen      total 305152K, used 277446K [0x00000000e0000000, 0x00000000f5580000, 0x0000000100000000)
  eden space 258560K, 100% used [0x00000000e0000000,0x00000000efc80000,0x00000000efc80000)
  from space 46592K, 40% used [0x00000000f2800000,0x00000000f3a71850,0x00000000f5580000)
  to   space 44544K, 0% used [0x00000000efc80000,0x00000000efc80000,0x00000000f2800000)
 ParOldGen       total 230400K, used 134917K [0x00000000a0000000, 0x00000000ae100000, 0x00000000e0000000)
  object space 230400K, 58% used [0x00000000a0000000,0x00000000a83c14a0,0x00000000ae100000)
 Metaspace       used 87206K, capacity 91660K, committed 91904K, reserved 1128448K
  class space    used 11283K, capacity 12190K, committed 12288K, reserved 1048576K
Event: 468.200 GC heap after
Heap after GC invocations=29 (full 4):
 PSYoungGen      total 303104K, used 19996K [0x00000000e0000000, 0x00000000f7980000, 0x0000000100000000)
  eden space 258560K, 0% used [0x00000000e0000000,0x00000000e0000000,0x00000000efc80000)
  from space 44544K, 44% used [0x00000000efc80000,0x00000000f1007318,0x00000000f2800000)
  to   space 42496K, 0% used [0x00000000f5000000,0x00000000f5000000,0x00000000f7980000)
 ParOldGen       total 230400K, used 151027K [0x00000000a0000000, 0x00000000ae100000, 0x00000000e0000000)
  object space 230400K, 65% used [0x00000000a0000000,0x00000000a937cea0,0x00000000ae100000)
 Metaspace       used 87206K, capacity 91660K, committed 91904K, reserved 1128448K
  class space    used 11283K, capacity 12190K, committed 12288K, reserved 1048576K
}
Event: 1057.172 GC heap before
{Heap before GC invocations=30 (full 4):
 PSYoungGen      total 303104K, used 278556K [0x00000000e0000000, 0x00000000f7980000, 0x0000000100000000)
  eden space 258560K, 100% used [0x00000000e0000000,0x00000000efc80000,0x00000000efc80000)
  from space 44544K, 44% used [0x00000000efc80000,0x00000000f1007318,0x00000000f2800000)
  to   space 42496K, 0% used [0x00000000f5000000,0x00000000f5000000,0x00000000f7980000)
 ParOldGen       total 230400K, used 151027K [0x00000000a0000000, 0x00000000ae100000, 0x00000000e0000000)
  object space 230400K, 65% used [0x00000000a0000000,0x00000000a937cea0,0x00000000ae100000)
 Metaspace       used 87409K, capacity 91924K, committed 92160K, reserved 1128448K
  class space    used 11295K, capacity 12206K, committed 12288K, reserved 1048576K
Event: 1057.260 GC heap after
Heap after GC invocations=30 (full 4):
 PSYoungGen      total 330752K, used 11264K [0x00000000e0000000, 0x00000000f7200000, 0x0000000100000000)
  eden space 295936K, 0% used [0x00000000e0000000,0x00000000e0000000,0x00000000f2100000)
  from space 34816K, 32% used [0x00000000f5000000,0x00000000f5b00150,0x00000000f7200000)
  to   space 41472K, 0% used [0x00000000f2100000,0x00000000f2100000,0x00000000f4980000)
 ParOldGen       total 230400K, used 156654K [0x00000000a0000000, 0x00000000ae100000, 0x00000000e0000000)
  object space 230400K, 67% used [0x00000000a0000000,0x00000000a98fbbc0,0x00000000ae100000)
 Metaspace       used 87409K, capacity 91924K, committed 92160K, reserved 1128448K
  class space    used 11295K, capacity 12206K, committed 12288K, reserved 1048576K
}
Event: 1060.198 GC heap before
{Heap before GC invocations=31 (full 4):
 PSYoungGen      total 330752K, used 307200K [0x00000000e0000000, 0x00000000f7200000, 0x0000000100000000)
  eden space 295936K, 100% used [0x00000000e0000000,0x00000000f2100000,0x00000000f2100000)
  from space 34816K, 32% used [0x00000000f5000000,0x00000000f5b00150,0x00000000f7200000)
  to   space 41472K, 0% used [0x00000000f2100000,0x00000000f2100000,0x00000000f4980000)
 ParOldGen       total 230400K, used 156654K [0x00000000a0000000, 0x00000000ae100000, 0x00000000e0000000)
  object space 230400K, 67% used [0x00000000a0000000,0x00000000a98fbbc0,0x00000000ae100000)
 Metaspace       used 91008K, capacity 95702K, committed 95872K, reserved 1132544K
  class space    used 11716K, capacity 12667K, committed 12672K, reserved 1048576K
Event: 1060.347 GC heap after
Heap after GC invocations=31 (full 4):
 PSYoungGen      total 337408K, used 41451K [0x00000000e0000000, 0x00000000fd600000, 0x0000000100000000)
  eden space 295936K, 0% used [0x00000000e0000000,0x00000000e0000000,0x00000000f2100000)
  from space 41472K, 99% used [0x00000000f2100000,0x00000000f497ae48,0x00000000f4980000)
  to   space 65024K, 0% used [0x00000000f9680000,0x00000000f9680000,0x00000000fd600000)
 ParOldGen       total 230400K, used 203996K [0x00000000a0000000, 0x00000000ae100000, 0x00000000e0000000)
  object space 230400K, 88% used [0x00000000a0000000,0x00000000ac737050,0x00000000ae100000)
 Metaspace       used 91008K, capacity 95702K, committed 95872K, reserved 1132544K
  class space    used 11716K, capacity 12667K, committed 12672K, reserved 1048576K
}
Event: 1060.347 GC heap before
{Heap before GC invocations=32 (full 5):
 PSYoungGen      total 337408K, used 41451K [0x00000000e0000000, 0x00000000fd600000, 0x0000000100000000)
  eden space 295936K, 0% used [0x00000000e0000000,0x00000000e0000000,0x00000000f2100000)
  from space 41472K, 99% used [0x00000000f2100000,0x00000000f497ae48,0x00000000f4980000)
  to   space 65024K, 0% used [0x00000000f9680000,0x00000000f9680000,0x00000000fd600000)
 ParOldGen       total 230400K, used 203996K [0x00000000a0000000, 0x00000000ae100000, 0x00000000e0000000)
  object space 230400K, 88% used [0x00000000a0000000,0x00000000ac737050,0x00000000ae100000)
 Metaspace       used 91008K, capacity 95702K, committed 95872K, reserved 1132544K
  class space    used 11716K, capacity 12667K, committed 12672K, reserved 1048576K

